<?xml version="1.0" encoding="UTF-8"?>
<testsuite name="com.ajitata.sabidrivebookingservice.SabidriveBookingServiceApplicationTests" tests="1" skipped="0" failures="0" errors="0" timestamp="2021-04-06T09:24:03" hostname="abdulazizs-MacBook-Pro.local" time="0.148">
  <properties/>
  <testcase name="contextLoads()" classname="com.ajitata.sabidrivebookingservice.SabidriveBookingServiceApplicationTests" time="0.148"/>
  <system-out><![CDATA[10:24:01.102 [Test worker] DEBUG o.s.test.context.BootstrapUtils - Instantiating CacheAwareContextLoaderDelegate from class [org.springframework.test.context.cache.DefaultCacheAwareContextLoaderDelegate]
10:24:01.112 [Test worker] DEBUG o.s.test.context.BootstrapUtils - Instantiating BootstrapContext using constructor [public org.springframework.test.context.support.DefaultBootstrapContext(java.lang.Class,org.springframework.test.context.CacheAwareContextLoaderDelegate)]
10:24:01.146 [Test worker] DEBUG o.s.test.context.BootstrapUtils - Instantiating TestContextBootstrapper for test class [com.ajitata.sabidrivebookingservice.SabidriveBookingServiceApplicationTests] from class [org.springframework.boot.test.context.SpringBootTestContextBootstrapper]
10:24:01.154 [Test worker] INFO  o.s.b.t.c.SpringBootTestContextBootstrapper - Neither @ContextConfiguration nor @ContextHierarchy found for test class [com.ajitata.sabidrivebookingservice.SabidriveBookingServiceApplicationTests], using SpringBootContextLoader
10:24:01.158 [Test worker] DEBUG o.s.t.c.s.AbstractContextLoader - Did not detect default resource location for test class [com.ajitata.sabidrivebookingservice.SabidriveBookingServiceApplicationTests]: class path resource [com/ajitata/sabidrivebookingservice/SabidriveBookingServiceApplicationTests-context.xml] does not exist
10:24:01.158 [Test worker] DEBUG o.s.t.c.s.AbstractContextLoader - Did not detect default resource location for test class [com.ajitata.sabidrivebookingservice.SabidriveBookingServiceApplicationTests]: class path resource [com/ajitata/sabidrivebookingservice/SabidriveBookingServiceApplicationTestsContext.groovy] does not exist
10:24:01.159 [Test worker] INFO  o.s.t.c.s.AbstractContextLoader - Could not detect default resource locations for test class [com.ajitata.sabidrivebookingservice.SabidriveBookingServiceApplicationTests]: no resource found for suffixes {-context.xml, Context.groovy}.
10:24:01.159 [Test worker] INFO  o.s.t.c.s.AnnotationConfigContextLoaderUtils - Could not detect default configuration classes for test class [com.ajitata.sabidrivebookingservice.SabidriveBookingServiceApplicationTests]: SabidriveBookingServiceApplicationTests does not declare any static, non-private, non-final, nested classes annotated with @Configuration.
10:24:01.193 [Test worker] DEBUG o.s.t.c.support.ActiveProfilesUtils - Could not find an 'annotation declaring class' for annotation type [org.springframework.test.context.ActiveProfiles] and class [com.ajitata.sabidrivebookingservice.SabidriveBookingServiceApplicationTests]
10:24:01.239 [Test worker] DEBUG o.s.c.a.ClassPathScanningCandidateComponentProvider - Identified candidate component class: file [/Users/ajitata/IdeaProjects/sabidrive/sabidrive-booking-service/build/classes/java/main/com/ajitata/sabidrivebookingservice/SabidriveBookingServiceApplication.class]
10:24:01.240 [Test worker] INFO  o.s.b.t.c.SpringBootTestContextBootstrapper - Found @SpringBootConfiguration com.ajitata.sabidrivebookingservice.SabidriveBookingServiceApplication for test class com.ajitata.sabidrivebookingservice.SabidriveBookingServiceApplicationTests
10:24:01.308 [Test worker] DEBUG o.s.b.t.c.SpringBootTestContextBootstrapper - @TestExecutionListeners is not present for class [com.ajitata.sabidrivebookingservice.SabidriveBookingServiceApplicationTests]: using defaults.
10:24:01.309 [Test worker] INFO  o.s.b.t.c.SpringBootTestContextBootstrapper - Loaded default TestExecutionListener class names from location [META-INF/spring.factories]: [org.springframework.boot.test.autoconfigure.restdocs.RestDocsTestExecutionListener, org.springframework.boot.test.autoconfigure.web.client.MockRestServiceServerResetTestExecutionListener, org.springframework.boot.test.autoconfigure.web.servlet.MockMvcPrintOnlyOnFailureTestExecutionListener, org.springframework.boot.test.autoconfigure.web.servlet.WebDriverTestExecutionListener, org.springframework.boot.test.autoconfigure.webservices.client.MockWebServiceServerTestExecutionListener, org.springframework.boot.test.mock.mockito.MockitoTestExecutionListener, org.springframework.boot.test.mock.mockito.ResetMocksTestExecutionListener, org.springframework.test.context.web.ServletTestExecutionListener, org.springframework.test.context.support.DirtiesContextBeforeModesTestExecutionListener, org.springframework.test.context.event.ApplicationEventsTestExecutionListener, org.springframework.test.context.support.DependencyInjectionTestExecutionListener, org.springframework.test.context.support.DirtiesContextTestExecutionListener, org.springframework.test.context.transaction.TransactionalTestExecutionListener, org.springframework.test.context.jdbc.SqlScriptsTestExecutionListener, org.springframework.test.context.event.EventPublishingTestExecutionListener]
10:24:01.320 [Test worker] INFO  o.s.b.t.c.SpringBootTestContextBootstrapper - Using TestExecutionListeners: [org.springframework.test.context.web.ServletTestExecutionListener@3dbc2ece, org.springframework.test.context.support.DirtiesContextBeforeModesTestExecutionListener@475fa037, org.springframework.test.context.event.ApplicationEventsTestExecutionListener@9c27a6c, org.springframework.boot.test.mock.mockito.MockitoTestExecutionListener@22f8ec5a, org.springframework.boot.test.autoconfigure.SpringBootDependencyInjectionTestExecutionListener@7e6e7c95, org.springframework.test.context.support.DirtiesContextTestExecutionListener@448a3577, org.springframework.test.context.transaction.TransactionalTestExecutionListener@5e812690, org.springframework.test.context.jdbc.SqlScriptsTestExecutionListener@3bfe9b26, org.springframework.test.context.event.EventPublishingTestExecutionListener@3679c218, org.springframework.boot.test.autoconfigure.restdocs.RestDocsTestExecutionListener@23cd682d, org.springframework.boot.test.autoconfigure.web.client.MockRestServiceServerResetTestExecutionListener@74af6f62, org.springframework.boot.test.autoconfigure.web.servlet.MockMvcPrintOnlyOnFailureTestExecutionListener@3b47ed7a, org.springframework.boot.test.autoconfigure.web.servlet.WebDriverTestExecutionListener@43d69108, org.springframework.boot.test.autoconfigure.webservices.client.MockWebServiceServerTestExecutionListener@b92155f, org.springframework.boot.test.mock.mockito.ResetMocksTestExecutionListener@449af30]
10:24:01.323 [Test worker] DEBUG o.s.t.c.s.AbstractDirtiesContextTestExecutionListener - Before test class: context [DefaultTestContext@658b0d7b testClass = SabidriveBookingServiceApplicationTests, testInstance = [null], testMethod = [null], testException = [null], mergedContextConfiguration = [WebMergedContextConfiguration@5ccba80a testClass = SabidriveBookingServiceApplicationTests, locations = '{}', classes = '{class com.ajitata.sabidrivebookingservice.SabidriveBookingServiceApplication}', contextInitializerClasses = '[]', activeProfiles = '{}', propertySourceLocations = '{}', propertySourceProperties = '{org.springframework.boot.test.context.SpringBootTestContextBootstrapper=true}', contextCustomizers = set[org.springframework.boot.test.autoconfigure.actuate.metrics.MetricsExportContextCustomizerFactory$DisableMetricExportContextCustomizer@5e4f28e4, org.springframework.boot.test.autoconfigure.properties.PropertyMappingContextCustomizer@0, org.springframework.boot.test.autoconfigure.web.servlet.WebDriverContextCustomizerFactory$Customizer@216c47ad, org.springframework.boot.test.context.filter.ExcludeFilterContextCustomizer@53d8bd42, org.springframework.boot.test.json.DuplicateJsonObjectContextCustomizerFactory$DuplicateJsonObjectContextCustomizer@70f97017, org.springframework.boot.test.mock.mockito.MockitoContextCustomizer@0, org.springframework.boot.test.web.client.TestRestTemplateContextCustomizer@4d1a4640, org.springframework.boot.test.context.SpringBootTestArgs@1, org.springframework.boot.test.context.SpringBootTestWebEnvironment@427cf1c], resourceBasePath = 'src/main/webapp', contextLoader = 'org.springframework.boot.test.context.SpringBootContextLoader', parent = [null]], attributes = map['org.springframework.test.context.web.ServletTestExecutionListener.activateListener' -> true]], class annotated with @DirtiesContext [false] with mode [null].
10:24:01.348 [Test worker] DEBUG o.s.t.c.s.TestPropertySourceUtils - Adding inlined properties to environment: {spring.jmx.enabled=false, org.springframework.boot.test.context.SpringBootTestContextBootstrapper=true}

  .   ____          _            __ _ _
 /\\ / ___'_ __ _ _(_)_ __  __ _ \ \ \ \
( ( )\___ | '_ | '_| | '_ \/ _` | \ \ \ \
 \\/  ___)| |_)| | | | | || (_| |  ) ) ) )
  '  |____| .__|_| |_|_| |_\__, | / / / /
 =========|_|==============|___/=/_/_/_/
 :: Spring Boot ::                (v2.4.4)

10:24:01.573 [Test worker] INFO  c.a.s.SabidriveBookingServiceApplicationTests - Starting SabidriveBookingServiceApplicationTests using Java 1.8.0_271 on abdulazizs-MBP with PID 1542 (started by ajitata in /Users/ajitata/IdeaProjects/sabidrive/sabidrive-booking-service)
10:24:01.574 [Test worker] DEBUG c.a.s.SabidriveBookingServiceApplicationTests - Running with Spring Boot v2.4.4, Spring v5.3.5
10:24:01.577 [Test worker] INFO  c.a.s.SabidriveBookingServiceApplicationTests - No active profile set, falling back to default profiles: default
10:24:01.578 [Test worker] DEBUG o.s.boot.SpringApplication - Loading source class com.ajitata.sabidrivebookingservice.SabidriveBookingServiceApplication
10:24:01.612 [Test worker] DEBUG o.s.w.c.s.GenericWebApplicationContext - Refreshing org.springframework.web.context.support.GenericWebApplicationContext@16bb7c15
10:24:01.630 [Test worker] DEBUG o.s.b.f.s.DefaultListableBeanFactory - Creating shared instance of singleton bean 'org.springframework.context.annotation.internalConfigurationAnnotationProcessor'
10:24:01.648 [Test worker] DEBUG o.s.b.f.s.DefaultListableBeanFactory - Creating shared instance of singleton bean 'org.springframework.boot.autoconfigure.internalCachingMetadataReaderFactory'
10:24:01.691 [Test worker] DEBUG o.s.c.a.ClassPathBeanDefinitionScanner - Ignored because not a concrete top-level class: file [/Users/ajitata/IdeaProjects/sabidrive/sabidrive-booking-service/build/classes/java/main/com/ajitata/sabidrivebookingservice/repository/TaxiBookingRepository.class]
10:24:01.692 [Test worker] DEBUG o.s.c.a.ClassPathBeanDefinitionScanner - Identified candidate component class: file [/Users/ajitata/IdeaProjects/sabidrive/sabidrive-booking-service/build/classes/java/main/com/ajitata/sabidrivebookingservice/service/TaxiBookingService.class]
10:24:01.817 [Test worker] DEBUG o.s.c.e.PropertySourcesPropertyResolver - Found key 'spring.jmx.enabled' in PropertySource 'configurationProperties' with value of type String
10:24:02.009 [Test worker] INFO  o.s.d.r.c.RepositoryConfigurationDelegate - Multiple Spring Data modules found, entering strict repository configuration mode!
10:24:02.011 [Test worker] INFO  o.s.d.r.c.RepositoryConfigurationDelegate - Bootstrapping Spring Data Redis repositories in DEFAULT mode.
10:24:02.020 [Test worker] DEBUG o.s.b.f.s.DefaultListableBeanFactory - Creating shared instance of singleton bean 'org.springframework.boot.autoconfigure.AutoConfigurationPackages'
10:24:02.020 [Test worker] DEBUG o.s.b.a.AutoConfigurationPackages - @EnableAutoConfiguration was declared on a class in the package 'com.ajitata.sabidrivebookingservice'. Automatic @Repository and @Entity scanning is enabled.
10:24:02.021 [Test worker] DEBUG o.s.d.r.c.RepositoryConfigurationDelegate - Scanning for Redis repositories in packages com.ajitata.sabidrivebookingservice.
10:24:02.026 [Test worker] DEBUG o.s.d.r.c.RepositoryComponentProvider - Identified candidate component class: file [/Users/ajitata/IdeaProjects/sabidrive/sabidrive-booking-service/build/classes/java/main/com/ajitata/sabidrivebookingservice/repository/TaxiBookingRepository.class]
10:24:02.146 [Test worker] INFO  o.s.d.r.c.RepositoryConfigurationDelegate - Finished Spring Data repository scanning in 124 ms. Found 1 Redis repository interfaces.
10:24:02.261 [Test worker] DEBUG o.s.b.f.s.DefaultListableBeanFactory - Creating shared instance of singleton bean 'propertySourcesPlaceholderConfigurer'
10:24:02.267 [Test worker] DEBUG o.s.b.f.s.DefaultListableBeanFactory - Creating shared instance of singleton bean 'org.springframework.boot.test.mock.mockito.MockitoPostProcessor'
10:24:02.285 [Test worker] DEBUG o.s.b.f.s.DefaultListableBeanFactory - Creating shared instance of singleton bean 'org.springframework.context.event.internalEventListenerProcessor'
10:24:02.286 [Test worker] DEBUG o.s.b.f.s.DefaultListableBeanFactory - Creating shared instance of singleton bean 'preserveErrorControllerTargetClassPostProcessor'
10:24:02.287 [Test worker] DEBUG o.s.b.f.s.DefaultListableBeanFactory - Creating shared instance of singleton bean 'org.springframework.context.event.internalEventListenerFactory'
10:24:02.290 [Test worker] DEBUG o.s.b.f.s.DefaultListableBeanFactory - Creating shared instance of singleton bean 'org.springframework.boot.test.mock.mockito.MockitoPostProcessor$SpyPostProcessor'
10:24:02.291 [Test worker] DEBUG o.s.b.f.s.DefaultListableBeanFactory - Creating shared instance of singleton bean 'org.springframework.context.annotation.internalAutowiredAnnotationProcessor'
10:24:02.292 [Test worker] DEBUG o.s.b.f.s.DefaultListableBeanFactory - Creating shared instance of singleton bean 'org.springframework.context.annotation.internalCommonAnnotationProcessor'
10:24:02.295 [Test worker] DEBUG o.s.b.f.s.DefaultListableBeanFactory - Creating shared instance of singleton bean 'org.springframework.boot.context.properties.ConfigurationPropertiesBindingPostProcessor'
10:24:02.295 [Test worker] DEBUG o.s.b.f.s.DefaultListableBeanFactory - Creating shared instance of singleton bean 'org.springframework.boot.context.internalConfigurationPropertiesBinder'
10:24:02.295 [Test worker] DEBUG o.s.b.f.s.DefaultListableBeanFactory - Creating shared instance of singleton bean 'org.springframework.boot.context.internalConfigurationPropertiesBinderFactory'
10:24:02.297 [Test worker] DEBUG o.s.b.f.s.DefaultListableBeanFactory - Creating shared instance of singleton bean 'persistenceExceptionTranslationPostProcessor'
10:24:02.303 [Test worker] DEBUG o.s.b.f.s.DefaultListableBeanFactory - Autowiring by type from bean name 'persistenceExceptionTranslationPostProcessor' via factory method to bean named 'environment'
10:24:02.317 [Test worker] DEBUG o.s.b.f.s.DefaultListableBeanFactory - Creating shared instance of singleton bean 'webServerFactoryCustomizerBeanPostProcessor'
10:24:02.319 [Test worker] DEBUG o.s.b.f.s.DefaultListableBeanFactory - Creating shared instance of singleton bean 'errorPageRegistrarBeanPostProcessor'
10:24:02.321 [Test worker] DEBUG o.s.b.f.s.DefaultListableBeanFactory - Creating shared instance of singleton bean 'projectingArgumentResolverBeanPostProcessor'
10:24:02.339 [Test worker] DEBUG o.s.u.c.s.UiApplicationContextUtils - Unable to locate ThemeSource with name 'themeSource': using default [org.springframework.ui.context.support.ResourceBundleThemeSource@117ef278]
10:24:02.340 [Test worker] DEBUG o.s.b.f.s.DefaultListableBeanFactory - Creating shared instance of singleton bean 'sabidriveBookingServiceApplication'
10:24:02.343 [Test worker] DEBUG o.s.b.f.s.DefaultListableBeanFactory - Creating shared instance of singleton bean 'taxiBookingService'
10:24:02.346 [Test worker] DEBUG o.s.b.f.s.DefaultListableBeanFactory - Creating shared instance of singleton bean 'stringRedisTemplate'
10:24:02.346 [Test worker] DEBUG o.s.b.f.s.DefaultListableBeanFactory - Creating shared instance of singleton bean 'org.springframework.boot.autoconfigure.data.redis.RedisAutoConfiguration'
10:24:02.349 [Test worker] DEBUG o.s.b.f.s.DefaultListableBeanFactory - Creating shared instance of singleton bean 'redisConnectionFactory'
10:24:02.350 [Test worker] DEBUG o.s.b.f.s.DefaultListableBeanFactory - Creating shared instance of singleton bean 'org.springframework.boot.autoconfigure.data.redis.LettuceConnectionConfiguration'
10:24:02.351 [Test worker] DEBUG o.s.b.f.s.DefaultListableBeanFactory - Creating shared instance of singleton bean 'spring.redis-org.springframework.boot.autoconfigure.data.redis.RedisProperties'
10:24:02.358 [Test worker] DEBUG o.s.b.f.s.DefaultListableBeanFactory - Creating shared instance of singleton bean 'org.springframework.boot.context.properties.BoundConfigurationProperties'
10:24:02.367 [Test worker] DEBUG o.s.b.f.s.DefaultListableBeanFactory - Autowiring by type from bean name 'org.springframework.boot.autoconfigure.data.redis.LettuceConnectionConfiguration' via constructor to bean named 'spring.redis-org.springframework.boot.autoconfigure.data.redis.RedisProperties'
10:24:02.370 [Test worker] DEBUG o.s.b.f.s.DefaultListableBeanFactory - Creating shared instance of singleton bean 'lettuceClientResources'
10:24:02.375 [Test worker] DEBUG i.n.u.i.l.InternalLoggerFactory - Using SLF4J as the default logging framework
10:24:02.377 [Test worker] DEBUG i.l.c.r.DefaultClientResources - -Dio.netty.eventLoopThreads: 16
10:24:02.382 [Test worker] DEBUG i.l.c.r.DefaultEventLoopGroupProvider - Creating executor io.netty.util.concurrent.DefaultEventExecutorGroup
10:24:02.396 [Test worker] DEBUG i.n.u.i.InternalThreadLocalMap - -Dio.netty.threadLocalMap.stringBuilder.initialSize: 1024
10:24:02.396 [Test worker] DEBUG i.n.u.i.InternalThreadLocalMap - -Dio.netty.threadLocalMap.stringBuilder.maxSize: 4096
10:24:02.400 [Test worker] DEBUG io.netty.util.ResourceLeakDetector - -Dio.netty.leakDetection.level: simple
10:24:02.400 [Test worker] DEBUG io.netty.util.ResourceLeakDetector - -Dio.netty.leakDetection.targetRecords: 4
10:24:02.402 [Test worker] DEBUG i.n.util.ResourceLeakDetectorFactory - Loaded default ResourceLeakDetector: io.netty.util.ResourceLeakDetector@5e26bf01
10:24:02.442 [Test worker] DEBUG i.n.util.internal.PlatformDependent - Platform: MacOS
10:24:02.443 [Test worker] DEBUG i.n.util.internal.PlatformDependent0 - -Dio.netty.noUnsafe: false
10:24:02.443 [Test worker] DEBUG i.n.util.internal.PlatformDependent0 - Java version: 8
10:24:02.444 [Test worker] DEBUG i.n.util.internal.PlatformDependent0 - sun.misc.Unsafe.theUnsafe: available
10:24:02.445 [Test worker] DEBUG i.n.util.internal.PlatformDependent0 - sun.misc.Unsafe.copyMemory: available
10:24:02.446 [Test worker] DEBUG i.n.util.internal.PlatformDependent0 - java.nio.Buffer.address: available
10:24:02.447 [Test worker] DEBUG i.n.util.internal.PlatformDependent0 - direct buffer constructor: available
10:24:02.448 [Test worker] DEBUG i.n.util.internal.PlatformDependent0 - java.nio.Bits.unaligned: available, true
10:24:02.448 [Test worker] DEBUG i.n.util.internal.PlatformDependent0 - jdk.internal.misc.Unsafe.allocateUninitializedArray(int): unavailable prior to Java9
10:24:02.448 [Test worker] DEBUG i.n.util.internal.PlatformDependent0 - java.nio.DirectByteBuffer.<init>(long, int): available
10:24:02.448 [Test worker] DEBUG i.n.util.internal.PlatformDependent - sun.misc.Unsafe: available
10:24:02.448 [Test worker] DEBUG i.n.util.internal.PlatformDependent - -Dio.netty.tmpdir: /var/folders/vp/195chgw97bn09y3p8m7hkzc40000gn/T (java.io.tmpdir)
10:24:02.448 [Test worker] DEBUG i.n.util.internal.PlatformDependent - -Dio.netty.bitMode: 64 (sun.arch.data.model)
10:24:02.450 [Test worker] DEBUG i.n.util.internal.PlatformDependent - -Dio.netty.maxDirectMemory: 477626368 bytes
10:24:02.450 [Test worker] DEBUG i.n.util.internal.PlatformDependent - -Dio.netty.uninitializedArrayAllocationThreshold: -1
10:24:02.451 [Test worker] DEBUG io.netty.util.internal.CleanerJava6 - java.nio.ByteBuffer.cleaner(): available
10:24:02.451 [Test worker] DEBUG i.n.util.internal.PlatformDependent - -Dio.netty.noPreferDirect: false
10:24:02.456 [Test worker] DEBUG i.n.util.internal.PlatformDependent - org.jctools-core.MpscChunkedArrayQueue: available
10:24:02.462 [Test worker] DEBUG reactor.util.Loggers - Using Slf4j logging framework
10:24:02.478 [Test worker] DEBUG i.l.c.r.DefaultClientResources - LatencyUtils/HdrUtils are not available, metrics are disabled
10:24:02.482 [Test worker] DEBUG o.s.b.f.s.DefaultListableBeanFactory - Autowiring by type from bean name 'redisConnectionFactory' via factory method to bean named 'lettuceClientResources'
10:24:02.555 [Test worker] DEBUG o.s.b.f.s.DefaultListableBeanFactory - Autowiring by type from bean name 'stringRedisTemplate' via factory method to bean named 'redisConnectionFactory'
10:24:02.575 [Test worker] DEBUG o.s.data.convert.CustomConversions - Adding converter from class java.lang.String to class [B as writing converter.
10:24:02.575 [Test worker] DEBUG o.s.data.convert.CustomConversions - Adding converter from class [B to class java.lang.String as reading converter.
10:24:02.575 [Test worker] DEBUG o.s.data.convert.CustomConversions - Adding converter from class java.lang.Number to class [B as writing converter.
10:24:02.576 [Test worker] DEBUG o.s.data.convert.CustomConversions - Adding converter from class [B to class java.lang.Number as reading converter.
10:24:02.576 [Test worker] DEBUG o.s.data.convert.CustomConversions - Adding converter from class java.lang.Enum to class [B as writing converter.
10:24:02.576 [Test worker] DEBUG o.s.data.convert.CustomConversions - Adding converter from class [B to class java.lang.Enum as reading converter.
10:24:02.576 [Test worker] DEBUG o.s.data.convert.CustomConversions - Adding converter from class java.lang.Boolean to class [B as writing converter.
10:24:02.576 [Test worker] DEBUG o.s.data.convert.CustomConversions - Adding converter from class [B to class java.lang.Boolean as reading converter.
10:24:02.577 [Test worker] DEBUG o.s.data.convert.CustomConversions - Adding converter from class java.util.Date to class [B as writing converter.
10:24:02.577 [Test worker] DEBUG o.s.data.convert.CustomConversions - Adding converter from class [B to class java.util.Date as reading converter.
10:24:02.577 [Test worker] DEBUG o.s.data.convert.CustomConversions - Adding converter from class java.util.UUID to class [B as writing converter.
10:24:02.577 [Test worker] DEBUG o.s.data.convert.CustomConversions - Adding converter from class [B to class java.util.UUID as reading converter.
10:24:02.578 [Test worker] DEBUG o.s.data.convert.CustomConversions - Adding converter from class java.time.LocalDateTime to class [B as writing converter.
10:24:02.578 [Test worker] DEBUG o.s.data.convert.CustomConversions - Adding converter from class [B to class java.time.LocalDateTime as reading converter.
10:24:02.578 [Test worker] DEBUG o.s.data.convert.CustomConversions - Adding converter from class java.time.LocalDate to class [B as writing converter.
10:24:02.578 [Test worker] DEBUG o.s.data.convert.CustomConversions - Adding converter from class [B to class java.time.LocalDate as reading converter.
10:24:02.579 [Test worker] DEBUG o.s.data.convert.CustomConversions - Adding converter from class java.time.LocalTime to class [B as writing converter.
10:24:02.579 [Test worker] DEBUG o.s.data.convert.CustomConversions - Adding converter from class [B to class java.time.LocalTime as reading converter.
10:24:02.579 [Test worker] DEBUG o.s.data.convert.CustomConversions - Adding converter from class java.time.ZonedDateTime to class [B as writing converter.
10:24:02.579 [Test worker] DEBUG o.s.data.convert.CustomConversions - Adding converter from class [B to class java.time.ZonedDateTime as reading converter.
10:24:02.579 [Test worker] DEBUG o.s.data.convert.CustomConversions - Adding converter from class java.time.Instant to class [B as writing converter.
10:24:02.579 [Test worker] DEBUG o.s.data.convert.CustomConversions - Adding converter from class [B to class java.time.Instant as reading converter.
10:24:02.579 [Test worker] DEBUG o.s.data.convert.CustomConversions - Adding converter from class java.time.ZoneId to class [B as writing converter.
10:24:02.580 [Test worker] DEBUG o.s.data.convert.CustomConversions - Adding converter from class [B to class java.time.ZoneId as reading converter.
10:24:02.580 [Test worker] DEBUG o.s.data.convert.CustomConversions - Adding converter from class java.time.Period to class [B as writing converter.
10:24:02.580 [Test worker] DEBUG o.s.data.convert.CustomConversions - Adding converter from class [B to class java.time.Period as reading converter.
10:24:02.580 [Test worker] DEBUG o.s.data.convert.CustomConversions - Adding converter from class java.time.Duration to class [B as writing converter.
10:24:02.580 [Test worker] DEBUG o.s.data.convert.CustomConversions - Adding converter from class [B to class java.time.Duration as reading converter.
10:24:02.580 [Test worker] DEBUG o.s.data.convert.CustomConversions - Adding converter from class java.util.Date to class java.time.LocalDateTime as reading converter.
10:24:02.580 [Test worker] DEBUG o.s.data.convert.CustomConversions - Adding converter from class java.time.LocalDateTime to class java.util.Date as writing converter.
10:24:02.581 [Test worker] DEBUG o.s.data.convert.CustomConversions - Adding converter from class java.util.Date to class java.time.LocalDate as reading converter.
10:24:02.581 [Test worker] DEBUG o.s.data.convert.CustomConversions - Adding converter from class java.time.LocalDate to class java.util.Date as writing converter.
10:24:02.581 [Test worker] DEBUG o.s.data.convert.CustomConversions - Adding converter from class java.util.Date to class java.time.LocalTime as reading converter.
10:24:02.581 [Test worker] DEBUG o.s.data.convert.CustomConversions - Adding converter from class java.time.LocalTime to class java.util.Date as writing converter.
10:24:02.581 [Test worker] DEBUG o.s.data.convert.CustomConversions - Adding converter from class java.util.Date to class java.time.Instant as reading converter.
10:24:02.581 [Test worker] DEBUG o.s.data.convert.CustomConversions - Adding converter from class java.time.Instant to class java.util.Date as writing converter.
10:24:02.581 [Test worker] DEBUG o.s.data.convert.CustomConversions - Adding converter from class java.time.LocalDateTime to class java.time.Instant as reading converter.
10:24:02.581 [Test worker] DEBUG o.s.data.convert.CustomConversions - Adding converter from class java.time.Instant to class java.time.LocalDateTime as reading converter.
10:24:02.582 [Test worker] DEBUG o.s.data.convert.CustomConversions - Adding converter from class java.time.ZoneId to class java.lang.String as writing converter.
10:24:02.582 [Test worker] DEBUG o.s.data.convert.CustomConversions - Adding converter from class java.lang.String to class java.time.ZoneId as reading converter.
10:24:02.582 [Test worker] DEBUG o.s.data.convert.CustomConversions - Adding converter from class java.time.Duration to class java.lang.String as writing converter.
10:24:02.582 [Test worker] DEBUG o.s.data.convert.CustomConversions - Adding converter from class java.lang.String to class java.time.Duration as reading converter.
10:24:02.582 [Test worker] DEBUG o.s.data.convert.CustomConversions - Adding converter from class java.time.Period to class java.lang.String as writing converter.
10:24:02.582 [Test worker] DEBUG o.s.data.convert.CustomConversions - Adding converter from class java.lang.String to class java.time.Period as reading converter.
10:24:02.583 [Test worker] DEBUG o.s.data.convert.CustomConversions - Adding converter from class java.lang.String to class java.time.LocalDate as reading converter.
10:24:02.583 [Test worker] DEBUG o.s.data.convert.CustomConversions - Adding converter from class java.lang.String to class java.time.LocalDateTime as reading converter.
10:24:02.583 [Test worker] DEBUG o.s.data.convert.CustomConversions - Adding converter from class java.lang.String to class java.time.Instant as reading converter.
10:24:02.584 [Test worker] DEBUG o.s.data.convert.CustomConversions - Adding converter from class java.lang.String to class [B as writing converter.
10:24:02.584 [Test worker] DEBUG o.s.data.convert.CustomConversions - Adding converter from class [B to class java.lang.String as reading converter.
10:24:02.584 [Test worker] DEBUG o.s.data.convert.CustomConversions - Adding converter from class java.lang.Number to class [B as writing converter.
10:24:02.584 [Test worker] DEBUG o.s.data.convert.CustomConversions - Adding converter from class [B to class java.lang.Number as reading converter.
10:24:02.585 [Test worker] DEBUG o.s.data.convert.CustomConversions - Adding converter from class java.lang.Enum to class [B as writing converter.
10:24:02.585 [Test worker] DEBUG o.s.data.convert.CustomConversions - Adding converter from class [B to class java.lang.Enum as reading converter.
10:24:02.585 [Test worker] DEBUG o.s.data.convert.CustomConversions - Adding converter from class java.lang.Boolean to class [B as writing converter.
10:24:02.585 [Test worker] DEBUG o.s.data.convert.CustomConversions - Adding converter from class [B to class java.lang.Boolean as reading converter.
10:24:02.585 [Test worker] DEBUG o.s.data.convert.CustomConversions - Adding converter from class java.util.Date to class [B as writing converter.
10:24:02.585 [Test worker] DEBUG o.s.data.convert.CustomConversions - Adding converter from class [B to class java.util.Date as reading converter.
10:24:02.585 [Test worker] DEBUG o.s.data.convert.CustomConversions - Adding converter from class java.util.UUID to class [B as writing converter.
10:24:02.585 [Test worker] DEBUG o.s.data.convert.CustomConversions - Adding converter from class [B to class java.util.UUID as reading converter.
10:24:02.585 [Test worker] DEBUG o.s.data.convert.CustomConversions - Adding converter from class java.time.LocalDateTime to class [B as writing converter.
10:24:02.585 [Test worker] DEBUG o.s.data.convert.CustomConversions - Adding converter from class [B to class java.time.LocalDateTime as reading converter.
10:24:02.585 [Test worker] DEBUG o.s.data.convert.CustomConversions - Adding converter from class java.time.LocalDate to class [B as writing converter.
10:24:02.585 [Test worker] DEBUG o.s.data.convert.CustomConversions - Adding converter from class [B to class java.time.LocalDate as reading converter.
10:24:02.586 [Test worker] DEBUG o.s.data.convert.CustomConversions - Adding converter from class java.time.LocalTime to class [B as writing converter.
10:24:02.586 [Test worker] DEBUG o.s.data.convert.CustomConversions - Adding converter from class [B to class java.time.LocalTime as reading converter.
10:24:02.586 [Test worker] DEBUG o.s.data.convert.CustomConversions - Adding converter from class java.time.ZonedDateTime to class [B as writing converter.
10:24:02.586 [Test worker] DEBUG o.s.data.convert.CustomConversions - Adding converter from class [B to class java.time.ZonedDateTime as reading converter.
10:24:02.586 [Test worker] DEBUG o.s.data.convert.CustomConversions - Adding converter from class java.time.Instant to class [B as writing converter.
10:24:02.586 [Test worker] DEBUG o.s.data.convert.CustomConversions - Adding converter from class [B to class java.time.Instant as reading converter.
10:24:02.586 [Test worker] DEBUG o.s.data.convert.CustomConversions - Adding converter from class java.time.ZoneId to class [B as writing converter.
10:24:02.586 [Test worker] DEBUG o.s.data.convert.CustomConversions - Adding converter from class [B to class java.time.ZoneId as reading converter.
10:24:02.586 [Test worker] DEBUG o.s.data.convert.CustomConversions - Adding converter from class java.time.Period to class [B as writing converter.
10:24:02.586 [Test worker] DEBUG o.s.data.convert.CustomConversions - Adding converter from class [B to class java.time.Period as reading converter.
10:24:02.586 [Test worker] DEBUG o.s.data.convert.CustomConversions - Adding converter from class java.time.Duration to class [B as writing converter.
10:24:02.586 [Test worker] DEBUG o.s.data.convert.CustomConversions - Adding converter from class [B to class java.time.Duration as reading converter.
10:24:02.587 [Test worker] DEBUG o.s.data.convert.CustomConversions - Adding converter from class java.util.Date to class java.time.LocalDateTime as reading converter.
10:24:02.587 [Test worker] DEBUG o.s.data.convert.CustomConversions - Adding converter from class java.time.LocalDateTime to class java.util.Date as writing converter.
10:24:02.587 [Test worker] DEBUG o.s.data.convert.CustomConversions - Adding converter from class java.util.Date to class java.time.LocalDate as reading converter.
10:24:02.587 [Test worker] DEBUG o.s.data.convert.CustomConversions - Adding converter from class java.time.LocalDate to class java.util.Date as writing converter.
10:24:02.587 [Test worker] DEBUG o.s.data.convert.CustomConversions - Adding converter from class java.util.Date to class java.time.LocalTime as reading converter.
10:24:02.587 [Test worker] DEBUG o.s.data.convert.CustomConversions - Adding converter from class java.time.LocalTime to class java.util.Date as writing converter.
10:24:02.587 [Test worker] DEBUG o.s.data.convert.CustomConversions - Adding converter from class java.util.Date to class java.time.Instant as reading converter.
10:24:02.587 [Test worker] DEBUG o.s.data.convert.CustomConversions - Adding converter from class java.time.Instant to class java.util.Date as writing converter.
10:24:02.587 [Test worker] DEBUG o.s.data.convert.CustomConversions - Adding converter from class java.time.LocalDateTime to class java.time.Instant as reading converter.
10:24:02.587 [Test worker] DEBUG o.s.data.convert.CustomConversions - Adding converter from class java.time.Instant to class java.time.LocalDateTime as reading converter.
10:24:02.587 [Test worker] DEBUG o.s.data.convert.CustomConversions - Adding converter from class java.time.ZoneId to class java.lang.String as writing converter.
10:24:02.588 [Test worker] DEBUG o.s.data.convert.CustomConversions - Adding converter from class java.lang.String to class java.time.ZoneId as reading converter.
10:24:02.588 [Test worker] DEBUG o.s.data.convert.CustomConversions - Adding converter from class java.time.Duration to class java.lang.String as writing converter.
10:24:02.588 [Test worker] DEBUG o.s.data.convert.CustomConversions - Adding converter from class java.lang.String to class java.time.Duration as reading converter.
10:24:02.588 [Test worker] DEBUG o.s.data.convert.CustomConversions - Adding converter from class java.time.Period to class java.lang.String as writing converter.
10:24:02.588 [Test worker] DEBUG o.s.data.convert.CustomConversions - Adding converter from class java.lang.String to class java.time.Period as reading converter.
10:24:02.588 [Test worker] DEBUG o.s.data.convert.CustomConversions - Adding converter from class java.lang.String to class java.time.LocalDate as reading converter.
10:24:02.588 [Test worker] DEBUG o.s.data.convert.CustomConversions - Adding converter from class java.lang.String to class java.time.LocalDateTime as reading converter.
10:24:02.588 [Test worker] DEBUG o.s.data.convert.CustomConversions - Adding converter from class java.lang.String to class java.time.Instant as reading converter.
10:24:02.595 [Test worker] DEBUG o.s.data.convert.CustomConversions - Adding converter from class java.lang.String to class [B as writing converter.
10:24:02.595 [Test worker] DEBUG o.s.data.convert.CustomConversions - Adding converter from class [B to class java.lang.String as reading converter.
10:24:02.596 [Test worker] DEBUG o.s.data.convert.CustomConversions - Adding converter from class java.lang.Number to class [B as writing converter.
10:24:02.596 [Test worker] DEBUG o.s.data.convert.CustomConversions - Adding converter from class [B to class java.lang.Number as reading converter.
10:24:02.596 [Test worker] DEBUG o.s.data.convert.CustomConversions - Adding converter from class java.lang.Enum to class [B as writing converter.
10:24:02.596 [Test worker] DEBUG o.s.data.convert.CustomConversions - Adding converter from class [B to class java.lang.Enum as reading converter.
10:24:02.596 [Test worker] DEBUG o.s.data.convert.CustomConversions - Adding converter from class java.lang.Boolean to class [B as writing converter.
10:24:02.596 [Test worker] DEBUG o.s.data.convert.CustomConversions - Adding converter from class [B to class java.lang.Boolean as reading converter.
10:24:02.596 [Test worker] DEBUG o.s.data.convert.CustomConversions - Adding converter from class java.util.Date to class [B as writing converter.
10:24:02.596 [Test worker] DEBUG o.s.data.convert.CustomConversions - Adding converter from class [B to class java.util.Date as reading converter.
10:24:02.597 [Test worker] DEBUG o.s.data.convert.CustomConversions - Adding converter from class java.util.UUID to class [B as writing converter.
10:24:02.597 [Test worker] DEBUG o.s.data.convert.CustomConversions - Adding converter from class [B to class java.util.UUID as reading converter.
10:24:02.597 [Test worker] DEBUG o.s.data.convert.CustomConversions - Adding converter from class java.time.LocalDateTime to class [B as writing converter.
10:24:02.597 [Test worker] DEBUG o.s.data.convert.CustomConversions - Adding converter from class [B to class java.time.LocalDateTime as reading converter.
10:24:02.597 [Test worker] DEBUG o.s.data.convert.CustomConversions - Adding converter from class java.time.LocalDate to class [B as writing converter.
10:24:02.597 [Test worker] DEBUG o.s.data.convert.CustomConversions - Adding converter from class [B to class java.time.LocalDate as reading converter.
10:24:02.597 [Test worker] DEBUG o.s.data.convert.CustomConversions - Adding converter from class java.time.LocalTime to class [B as writing converter.
10:24:02.597 [Test worker] DEBUG o.s.data.convert.CustomConversions - Adding converter from class [B to class java.time.LocalTime as reading converter.
10:24:02.597 [Test worker] DEBUG o.s.data.convert.CustomConversions - Adding converter from class java.time.ZonedDateTime to class [B as writing converter.
10:24:02.598 [Test worker] DEBUG o.s.data.convert.CustomConversions - Adding converter from class [B to class java.time.ZonedDateTime as reading converter.
10:24:02.598 [Test worker] DEBUG o.s.data.convert.CustomConversions - Adding converter from class java.time.Instant to class [B as writing converter.
10:24:02.598 [Test worker] DEBUG o.s.data.convert.CustomConversions - Adding converter from class [B to class java.time.Instant as reading converter.
10:24:02.598 [Test worker] DEBUG o.s.data.convert.CustomConversions - Adding converter from class java.time.ZoneId to class [B as writing converter.
10:24:02.598 [Test worker] DEBUG o.s.data.convert.CustomConversions - Adding converter from class [B to class java.time.ZoneId as reading converter.
10:24:02.598 [Test worker] DEBUG o.s.data.convert.CustomConversions - Adding converter from class java.time.Period to class [B as writing converter.
10:24:02.598 [Test worker] DEBUG o.s.data.convert.CustomConversions - Adding converter from class [B to class java.time.Period as reading converter.
10:24:02.598 [Test worker] DEBUG o.s.data.convert.CustomConversions - Adding converter from class java.time.Duration to class [B as writing converter.
10:24:02.598 [Test worker] DEBUG o.s.data.convert.CustomConversions - Adding converter from class [B to class java.time.Duration as reading converter.
10:24:02.599 [Test worker] DEBUG o.s.data.convert.CustomConversions - Adding converter from class java.util.Date to class java.time.LocalDateTime as reading converter.
10:24:02.599 [Test worker] DEBUG o.s.data.convert.CustomConversions - Adding converter from class java.time.LocalDateTime to class java.util.Date as writing converter.
10:24:02.599 [Test worker] DEBUG o.s.data.convert.CustomConversions - Adding converter from class java.util.Date to class java.time.LocalDate as reading converter.
10:24:02.599 [Test worker] DEBUG o.s.data.convert.CustomConversions - Adding converter from class java.time.LocalDate to class java.util.Date as writing converter.
10:24:02.599 [Test worker] DEBUG o.s.data.convert.CustomConversions - Adding converter from class java.util.Date to class java.time.LocalTime as reading converter.
10:24:02.599 [Test worker] DEBUG o.s.data.convert.CustomConversions - Adding converter from class java.time.LocalTime to class java.util.Date as writing converter.
10:24:02.599 [Test worker] DEBUG o.s.data.convert.CustomConversions - Adding converter from class java.util.Date to class java.time.Instant as reading converter.
10:24:02.599 [Test worker] DEBUG o.s.data.convert.CustomConversions - Adding converter from class java.time.Instant to class java.util.Date as writing converter.
10:24:02.599 [Test worker] DEBUG o.s.data.convert.CustomConversions - Adding converter from class java.time.LocalDateTime to class java.time.Instant as reading converter.
10:24:02.599 [Test worker] DEBUG o.s.data.convert.CustomConversions - Adding converter from class java.time.Instant to class java.time.LocalDateTime as reading converter.
10:24:02.600 [Test worker] DEBUG o.s.data.convert.CustomConversions - Adding converter from class java.time.ZoneId to class java.lang.String as writing converter.
10:24:02.600 [Test worker] DEBUG o.s.data.convert.CustomConversions - Adding converter from class java.lang.String to class java.time.ZoneId as reading converter.
10:24:02.600 [Test worker] DEBUG o.s.data.convert.CustomConversions - Adding converter from class java.time.Duration to class java.lang.String as writing converter.
10:24:02.600 [Test worker] DEBUG o.s.data.convert.CustomConversions - Adding converter from class java.lang.String to class java.time.Duration as reading converter.
10:24:02.600 [Test worker] DEBUG o.s.data.convert.CustomConversions - Adding converter from class java.time.Period to class java.lang.String as writing converter.
10:24:02.600 [Test worker] DEBUG o.s.data.convert.CustomConversions - Adding converter from class java.lang.String to class java.time.Period as reading converter.
10:24:02.600 [Test worker] DEBUG o.s.data.convert.CustomConversions - Adding converter from class java.lang.String to class java.time.LocalDate as reading converter.
10:24:02.600 [Test worker] DEBUG o.s.data.convert.CustomConversions - Adding converter from class java.lang.String to class java.time.LocalDateTime as reading converter.
10:24:02.600 [Test worker] DEBUG o.s.data.convert.CustomConversions - Adding converter from class java.lang.String to class java.time.Instant as reading converter.
10:24:02.602 [Test worker] DEBUG o.s.data.convert.CustomConversions - Adding converter from class java.lang.String to class [B as writing converter.
10:24:02.602 [Test worker] DEBUG o.s.data.convert.CustomConversions - Adding converter from class [B to class java.lang.String as reading converter.
10:24:02.603 [Test worker] DEBUG o.s.data.convert.CustomConversions - Adding converter from class java.lang.Number to class [B as writing converter.
10:24:02.603 [Test worker] DEBUG o.s.data.convert.CustomConversions - Adding converter from class [B to class java.lang.Number as reading converter.
10:24:02.603 [Test worker] DEBUG o.s.data.convert.CustomConversions - Adding converter from class java.lang.Enum to class [B as writing converter.
10:24:02.603 [Test worker] DEBUG o.s.data.convert.CustomConversions - Adding converter from class [B to class java.lang.Enum as reading converter.
10:24:02.603 [Test worker] DEBUG o.s.data.convert.CustomConversions - Adding converter from class java.lang.Boolean to class [B as writing converter.
10:24:02.603 [Test worker] DEBUG o.s.data.convert.CustomConversions - Adding converter from class [B to class java.lang.Boolean as reading converter.
10:24:02.603 [Test worker] DEBUG o.s.data.convert.CustomConversions - Adding converter from class java.util.Date to class [B as writing converter.
10:24:02.603 [Test worker] DEBUG o.s.data.convert.CustomConversions - Adding converter from class [B to class java.util.Date as reading converter.
10:24:02.604 [Test worker] DEBUG o.s.data.convert.CustomConversions - Adding converter from class java.util.UUID to class [B as writing converter.
10:24:02.604 [Test worker] DEBUG o.s.data.convert.CustomConversions - Adding converter from class [B to class java.util.UUID as reading converter.
10:24:02.604 [Test worker] DEBUG o.s.data.convert.CustomConversions - Adding converter from class java.time.LocalDateTime to class [B as writing converter.
10:24:02.604 [Test worker] DEBUG o.s.data.convert.CustomConversions - Adding converter from class [B to class java.time.LocalDateTime as reading converter.
10:24:02.604 [Test worker] DEBUG o.s.data.convert.CustomConversions - Adding converter from class java.time.LocalDate to class [B as writing converter.
10:24:02.604 [Test worker] DEBUG o.s.data.convert.CustomConversions - Adding converter from class [B to class java.time.LocalDate as reading converter.
10:24:02.604 [Test worker] DEBUG o.s.data.convert.CustomConversions - Adding converter from class java.time.LocalTime to class [B as writing converter.
10:24:02.604 [Test worker] DEBUG o.s.data.convert.CustomConversions - Adding converter from class [B to class java.time.LocalTime as reading converter.
10:24:02.604 [Test worker] DEBUG o.s.data.convert.CustomConversions - Adding converter from class java.time.ZonedDateTime to class [B as writing converter.
10:24:02.604 [Test worker] DEBUG o.s.data.convert.CustomConversions - Adding converter from class [B to class java.time.ZonedDateTime as reading converter.
10:24:02.604 [Test worker] DEBUG o.s.data.convert.CustomConversions - Adding converter from class java.time.Instant to class [B as writing converter.
10:24:02.605 [Test worker] DEBUG o.s.data.convert.CustomConversions - Adding converter from class [B to class java.time.Instant as reading converter.
10:24:02.605 [Test worker] DEBUG o.s.data.convert.CustomConversions - Adding converter from class java.time.ZoneId to class [B as writing converter.
10:24:02.605 [Test worker] DEBUG o.s.data.convert.CustomConversions - Adding converter from class [B to class java.time.ZoneId as reading converter.
10:24:02.605 [Test worker] DEBUG o.s.data.convert.CustomConversions - Adding converter from class java.time.Period to class [B as writing converter.
10:24:02.605 [Test worker] DEBUG o.s.data.convert.CustomConversions - Adding converter from class [B to class java.time.Period as reading converter.
10:24:02.605 [Test worker] DEBUG o.s.data.convert.CustomConversions - Adding converter from class java.time.Duration to class [B as writing converter.
10:24:02.605 [Test worker] DEBUG o.s.data.convert.CustomConversions - Adding converter from class [B to class java.time.Duration as reading converter.
10:24:02.605 [Test worker] DEBUG o.s.data.convert.CustomConversions - Adding converter from class java.util.Date to class java.time.LocalDateTime as reading converter.
10:24:02.605 [Test worker] DEBUG o.s.data.convert.CustomConversions - Adding converter from class java.time.LocalDateTime to class java.util.Date as writing converter.
10:24:02.605 [Test worker] DEBUG o.s.data.convert.CustomConversions - Adding converter from class java.util.Date to class java.time.LocalDate as reading converter.
10:24:02.605 [Test worker] DEBUG o.s.data.convert.CustomConversions - Adding converter from class java.time.LocalDate to class java.util.Date as writing converter.
10:24:02.605 [Test worker] DEBUG o.s.data.convert.CustomConversions - Adding converter from class java.util.Date to class java.time.LocalTime as reading converter.
10:24:02.605 [Test worker] DEBUG o.s.data.convert.CustomConversions - Adding converter from class java.time.LocalTime to class java.util.Date as writing converter.
10:24:02.605 [Test worker] DEBUG o.s.data.convert.CustomConversions - Adding converter from class java.util.Date to class java.time.Instant as reading converter.
10:24:02.605 [Test worker] DEBUG o.s.data.convert.CustomConversions - Adding converter from class java.time.Instant to class java.util.Date as writing converter.
10:24:02.606 [Test worker] DEBUG o.s.data.convert.CustomConversions - Adding converter from class java.time.LocalDateTime to class java.time.Instant as reading converter.
10:24:02.606 [Test worker] DEBUG o.s.data.convert.CustomConversions - Adding converter from class java.time.Instant to class java.time.LocalDateTime as reading converter.
10:24:02.606 [Test worker] DEBUG o.s.data.convert.CustomConversions - Adding converter from class java.time.ZoneId to class java.lang.String as writing converter.
10:24:02.606 [Test worker] DEBUG o.s.data.convert.CustomConversions - Adding converter from class java.lang.String to class java.time.ZoneId as reading converter.
10:24:02.606 [Test worker] DEBUG o.s.data.convert.CustomConversions - Adding converter from class java.time.Duration to class java.lang.String as writing converter.
10:24:02.606 [Test worker] DEBUG o.s.data.convert.CustomConversions - Adding converter from class java.lang.String to class java.time.Duration as reading converter.
10:24:02.606 [Test worker] DEBUG o.s.data.convert.CustomConversions - Adding converter from class java.time.Period to class java.lang.String as writing converter.
10:24:02.606 [Test worker] DEBUG o.s.data.convert.CustomConversions - Adding converter from class java.lang.String to class java.time.Period as reading converter.
10:24:02.606 [Test worker] DEBUG o.s.data.convert.CustomConversions - Adding converter from class java.lang.String to class java.time.LocalDate as reading converter.
10:24:02.607 [Test worker] DEBUG o.s.data.convert.CustomConversions - Adding converter from class java.lang.String to class java.time.LocalDateTime as reading converter.
10:24:02.607 [Test worker] DEBUG o.s.data.convert.CustomConversions - Adding converter from class java.lang.String to class java.time.Instant as reading converter.
10:24:02.610 [Test worker] DEBUG o.s.data.convert.CustomConversions - Adding converter from class java.lang.String to class [B as writing converter.
10:24:02.610 [Test worker] DEBUG o.s.data.convert.CustomConversions - Adding converter from class [B to class java.lang.String as reading converter.
10:24:02.610 [Test worker] DEBUG o.s.data.convert.CustomConversions - Adding converter from class java.lang.Number to class [B as writing converter.
10:24:02.610 [Test worker] DEBUG o.s.data.convert.CustomConversions - Adding converter from class [B to class java.lang.Number as reading converter.
10:24:02.610 [Test worker] DEBUG o.s.data.convert.CustomConversions - Adding converter from class java.lang.Enum to class [B as writing converter.
10:24:02.610 [Test worker] DEBUG o.s.data.convert.CustomConversions - Adding converter from class [B to class java.lang.Enum as reading converter.
10:24:02.610 [Test worker] DEBUG o.s.data.convert.CustomConversions - Adding converter from class java.lang.Boolean to class [B as writing converter.
10:24:02.610 [Test worker] DEBUG o.s.data.convert.CustomConversions - Adding converter from class [B to class java.lang.Boolean as reading converter.
10:24:02.610 [Test worker] DEBUG o.s.data.convert.CustomConversions - Adding converter from class java.util.Date to class [B as writing converter.
10:24:02.610 [Test worker] DEBUG o.s.data.convert.CustomConversions - Adding converter from class [B to class java.util.Date as reading converter.
10:24:02.610 [Test worker] DEBUG o.s.data.convert.CustomConversions - Adding converter from class java.util.UUID to class [B as writing converter.
10:24:02.610 [Test worker] DEBUG o.s.data.convert.CustomConversions - Adding converter from class [B to class java.util.UUID as reading converter.
10:24:02.610 [Test worker] DEBUG o.s.data.convert.CustomConversions - Adding converter from class java.time.LocalDateTime to class [B as writing converter.
10:24:02.610 [Test worker] DEBUG o.s.data.convert.CustomConversions - Adding converter from class [B to class java.time.LocalDateTime as reading converter.
10:24:02.610 [Test worker] DEBUG o.s.data.convert.CustomConversions - Adding converter from class java.time.LocalDate to class [B as writing converter.
10:24:02.610 [Test worker] DEBUG o.s.data.convert.CustomConversions - Adding converter from class [B to class java.time.LocalDate as reading converter.
10:24:02.611 [Test worker] DEBUG o.s.data.convert.CustomConversions - Adding converter from class java.time.LocalTime to class [B as writing converter.
10:24:02.611 [Test worker] DEBUG o.s.data.convert.CustomConversions - Adding converter from class [B to class java.time.LocalTime as reading converter.
10:24:02.611 [Test worker] DEBUG o.s.data.convert.CustomConversions - Adding converter from class java.time.ZonedDateTime to class [B as writing converter.
10:24:02.611 [Test worker] DEBUG o.s.data.convert.CustomConversions - Adding converter from class [B to class java.time.ZonedDateTime as reading converter.
10:24:02.611 [Test worker] DEBUG o.s.data.convert.CustomConversions - Adding converter from class java.time.Instant to class [B as writing converter.
10:24:02.611 [Test worker] DEBUG o.s.data.convert.CustomConversions - Adding converter from class [B to class java.time.Instant as reading converter.
10:24:02.611 [Test worker] DEBUG o.s.data.convert.CustomConversions - Adding converter from class java.time.ZoneId to class [B as writing converter.
10:24:02.611 [Test worker] DEBUG o.s.data.convert.CustomConversions - Adding converter from class [B to class java.time.ZoneId as reading converter.
10:24:02.611 [Test worker] DEBUG o.s.data.convert.CustomConversions - Adding converter from class java.time.Period to class [B as writing converter.
10:24:02.611 [Test worker] DEBUG o.s.data.convert.CustomConversions - Adding converter from class [B to class java.time.Period as reading converter.
10:24:02.611 [Test worker] DEBUG o.s.data.convert.CustomConversions - Adding converter from class java.time.Duration to class [B as writing converter.
10:24:02.611 [Test worker] DEBUG o.s.data.convert.CustomConversions - Adding converter from class [B to class java.time.Duration as reading converter.
10:24:02.611 [Test worker] DEBUG o.s.data.convert.CustomConversions - Adding converter from class java.util.Date to class java.time.LocalDateTime as reading converter.
10:24:02.611 [Test worker] DEBUG o.s.data.convert.CustomConversions - Adding converter from class java.time.LocalDateTime to class java.util.Date as writing converter.
10:24:02.611 [Test worker] DEBUG o.s.data.convert.CustomConversions - Adding converter from class java.util.Date to class java.time.LocalDate as reading converter.
10:24:02.612 [Test worker] DEBUG o.s.data.convert.CustomConversions - Adding converter from class java.time.LocalDate to class java.util.Date as writing converter.
10:24:02.612 [Test worker] DEBUG o.s.data.convert.CustomConversions - Adding converter from class java.util.Date to class java.time.LocalTime as reading converter.
10:24:02.612 [Test worker] DEBUG o.s.data.convert.CustomConversions - Adding converter from class java.time.LocalTime to class java.util.Date as writing converter.
10:24:02.612 [Test worker] DEBUG o.s.data.convert.CustomConversions - Adding converter from class java.util.Date to class java.time.Instant as reading converter.
10:24:02.612 [Test worker] DEBUG o.s.data.convert.CustomConversions - Adding converter from class java.time.Instant to class java.util.Date as writing converter.
10:24:02.612 [Test worker] DEBUG o.s.data.convert.CustomConversions - Adding converter from class java.time.LocalDateTime to class java.time.Instant as reading converter.
10:24:02.612 [Test worker] DEBUG o.s.data.convert.CustomConversions - Adding converter from class java.time.Instant to class java.time.LocalDateTime as reading converter.
10:24:02.612 [Test worker] DEBUG o.s.data.convert.CustomConversions - Adding converter from class java.time.ZoneId to class java.lang.String as writing converter.
10:24:02.612 [Test worker] DEBUG o.s.data.convert.CustomConversions - Adding converter from class java.lang.String to class java.time.ZoneId as reading converter.
10:24:02.612 [Test worker] DEBUG o.s.data.convert.CustomConversions - Adding converter from class java.time.Duration to class java.lang.String as writing converter.
10:24:02.612 [Test worker] DEBUG o.s.data.convert.CustomConversions - Adding converter from class java.lang.String to class java.time.Duration as reading converter.
10:24:02.612 [Test worker] DEBUG o.s.data.convert.CustomConversions - Adding converter from class java.time.Period to class java.lang.String as writing converter.
10:24:02.613 [Test worker] DEBUG o.s.data.convert.CustomConversions - Adding converter from class java.lang.String to class java.time.Period as reading converter.
10:24:02.613 [Test worker] DEBUG o.s.data.convert.CustomConversions - Adding converter from class java.lang.String to class java.time.LocalDate as reading converter.
10:24:02.613 [Test worker] DEBUG o.s.data.convert.CustomConversions - Adding converter from class java.lang.String to class java.time.LocalDateTime as reading converter.
10:24:02.613 [Test worker] DEBUG o.s.data.convert.CustomConversions - Adding converter from class java.lang.String to class java.time.Instant as reading converter.
10:24:02.636 [Test worker] DEBUG o.s.b.f.s.DefaultListableBeanFactory - Creating shared instance of singleton bean 'reactiveStringRedisTemplate'
10:24:02.637 [Test worker] DEBUG o.s.b.f.s.DefaultListableBeanFactory - Creating shared instance of singleton bean 'org.springframework.boot.autoconfigure.data.redis.RedisReactiveAutoConfiguration'
10:24:02.638 [Test worker] DEBUG o.s.b.f.s.DefaultListableBeanFactory - Autowiring by type from bean name 'reactiveStringRedisTemplate' via factory method to bean named 'redisConnectionFactory'
10:24:02.655 [Test worker] DEBUG o.s.b.f.s.DefaultListableBeanFactory - Creating shared instance of singleton bean 'taxiBookingRepository'
10:24:02.678 [Test worker] DEBUG o.s.b.f.s.DefaultListableBeanFactory - Creating shared instance of singleton bean 'redisKeyValueTemplate'
10:24:02.679 [Test worker] DEBUG o.s.b.f.s.DefaultListableBeanFactory - Creating shared instance of singleton bean 'redisKeyValueAdapter'
10:24:02.679 [Test worker] DEBUG o.s.b.f.s.DefaultListableBeanFactory - Creating shared instance of singleton bean 'redisTemplate'
10:24:02.679 [Test worker] DEBUG o.s.b.f.s.DefaultListableBeanFactory - Autowiring by type from bean name 'redisTemplate' via factory method to bean named 'redisConnectionFactory'
10:24:02.683 [Test worker] DEBUG o.s.b.f.s.DefaultListableBeanFactory - Creating shared instance of singleton bean 'redisConverter'
10:24:02.683 [Test worker] DEBUG o.s.b.f.s.DefaultListableBeanFactory - Creating shared instance of singleton bean 'keyValueMappingContext'
10:24:02.699 [Test worker] DEBUG o.s.data.convert.CustomConversions - Adding converter from class java.lang.String to class [B as writing converter.
10:24:02.699 [Test worker] DEBUG o.s.data.convert.CustomConversions - Adding converter from class [B to class java.lang.String as reading converter.
10:24:02.699 [Test worker] DEBUG o.s.data.convert.CustomConversions - Adding converter from class java.lang.Number to class [B as writing converter.
10:24:02.699 [Test worker] DEBUG o.s.data.convert.CustomConversions - Adding converter from class [B to class java.lang.Number as reading converter.
10:24:02.699 [Test worker] DEBUG o.s.data.convert.CustomConversions - Adding converter from class java.lang.Enum to class [B as writing converter.
10:24:02.699 [Test worker] DEBUG o.s.data.convert.CustomConversions - Adding converter from class [B to class java.lang.Enum as reading converter.
10:24:02.699 [Test worker] DEBUG o.s.data.convert.CustomConversions - Adding converter from class java.lang.Boolean to class [B as writing converter.
10:24:02.699 [Test worker] DEBUG o.s.data.convert.CustomConversions - Adding converter from class [B to class java.lang.Boolean as reading converter.
10:24:02.699 [Test worker] DEBUG o.s.data.convert.CustomConversions - Adding converter from class java.util.Date to class [B as writing converter.
10:24:02.699 [Test worker] DEBUG o.s.data.convert.CustomConversions - Adding converter from class [B to class java.util.Date as reading converter.
10:24:02.699 [Test worker] DEBUG o.s.data.convert.CustomConversions - Adding converter from class java.util.UUID to class [B as writing converter.
10:24:02.700 [Test worker] DEBUG o.s.data.convert.CustomConversions - Adding converter from class [B to class java.util.UUID as reading converter.
10:24:02.700 [Test worker] DEBUG o.s.data.convert.CustomConversions - Adding converter from class java.time.LocalDateTime to class [B as writing converter.
10:24:02.700 [Test worker] DEBUG o.s.data.convert.CustomConversions - Adding converter from class [B to class java.time.LocalDateTime as reading converter.
10:24:02.700 [Test worker] DEBUG o.s.data.convert.CustomConversions - Adding converter from class java.time.LocalDate to class [B as writing converter.
10:24:02.700 [Test worker] DEBUG o.s.data.convert.CustomConversions - Adding converter from class [B to class java.time.LocalDate as reading converter.
10:24:02.700 [Test worker] DEBUG o.s.data.convert.CustomConversions - Adding converter from class java.time.LocalTime to class [B as writing converter.
10:24:02.700 [Test worker] DEBUG o.s.data.convert.CustomConversions - Adding converter from class [B to class java.time.LocalTime as reading converter.
10:24:02.700 [Test worker] DEBUG o.s.data.convert.CustomConversions - Adding converter from class java.time.ZonedDateTime to class [B as writing converter.
10:24:02.700 [Test worker] DEBUG o.s.data.convert.CustomConversions - Adding converter from class [B to class java.time.ZonedDateTime as reading converter.
10:24:02.700 [Test worker] DEBUG o.s.data.convert.CustomConversions - Adding converter from class java.time.Instant to class [B as writing converter.
10:24:02.700 [Test worker] DEBUG o.s.data.convert.CustomConversions - Adding converter from class [B to class java.time.Instant as reading converter.
10:24:02.700 [Test worker] DEBUG o.s.data.convert.CustomConversions - Adding converter from class java.time.ZoneId to class [B as writing converter.
10:24:02.700 [Test worker] DEBUG o.s.data.convert.CustomConversions - Adding converter from class [B to class java.time.ZoneId as reading converter.
10:24:02.700 [Test worker] DEBUG o.s.data.convert.CustomConversions - Adding converter from class java.time.Period to class [B as writing converter.
10:24:02.701 [Test worker] DEBUG o.s.data.convert.CustomConversions - Adding converter from class [B to class java.time.Period as reading converter.
10:24:02.701 [Test worker] DEBUG o.s.data.convert.CustomConversions - Adding converter from class java.time.Duration to class [B as writing converter.
10:24:02.701 [Test worker] DEBUG o.s.data.convert.CustomConversions - Adding converter from class [B to class java.time.Duration as reading converter.
10:24:02.701 [Test worker] DEBUG o.s.data.convert.CustomConversions - Adding converter from class java.util.Date to class java.time.LocalDateTime as reading converter.
10:24:02.701 [Test worker] DEBUG o.s.data.convert.CustomConversions - Adding converter from class java.time.LocalDateTime to class java.util.Date as writing converter.
10:24:02.701 [Test worker] DEBUG o.s.data.convert.CustomConversions - Adding converter from class java.util.Date to class java.time.LocalDate as reading converter.
10:24:02.701 [Test worker] DEBUG o.s.data.convert.CustomConversions - Adding converter from class java.time.LocalDate to class java.util.Date as writing converter.
10:24:02.701 [Test worker] DEBUG o.s.data.convert.CustomConversions - Adding converter from class java.util.Date to class java.time.LocalTime as reading converter.
10:24:02.701 [Test worker] DEBUG o.s.data.convert.CustomConversions - Adding converter from class java.time.LocalTime to class java.util.Date as writing converter.
10:24:02.701 [Test worker] DEBUG o.s.data.convert.CustomConversions - Adding converter from class java.util.Date to class java.time.Instant as reading converter.
10:24:02.701 [Test worker] DEBUG o.s.data.convert.CustomConversions - Adding converter from class java.time.Instant to class java.util.Date as writing converter.
10:24:02.702 [Test worker] DEBUG o.s.data.convert.CustomConversions - Adding converter from class java.time.LocalDateTime to class java.time.Instant as reading converter.
10:24:02.702 [Test worker] DEBUG o.s.data.convert.CustomConversions - Adding converter from class java.time.Instant to class java.time.LocalDateTime as reading converter.
10:24:02.702 [Test worker] DEBUG o.s.data.convert.CustomConversions - Adding converter from class java.time.ZoneId to class java.lang.String as writing converter.
10:24:02.702 [Test worker] DEBUG o.s.data.convert.CustomConversions - Adding converter from class java.lang.String to class java.time.ZoneId as reading converter.
10:24:02.702 [Test worker] DEBUG o.s.data.convert.CustomConversions - Adding converter from class java.time.Duration to class java.lang.String as writing converter.
10:24:02.702 [Test worker] DEBUG o.s.data.convert.CustomConversions - Adding converter from class java.lang.String to class java.time.Duration as reading converter.
10:24:02.702 [Test worker] DEBUG o.s.data.convert.CustomConversions - Adding converter from class java.time.Period to class java.lang.String as writing converter.
10:24:02.702 [Test worker] DEBUG o.s.data.convert.CustomConversions - Adding converter from class java.lang.String to class java.time.Period as reading converter.
10:24:02.702 [Test worker] DEBUG o.s.data.convert.CustomConversions - Adding converter from class java.lang.String to class java.time.LocalDate as reading converter.
10:24:02.702 [Test worker] DEBUG o.s.data.convert.CustomConversions - Adding converter from class java.lang.String to class java.time.LocalDateTime as reading converter.
10:24:02.702 [Test worker] DEBUG o.s.data.convert.CustomConversions - Adding converter from class java.lang.String to class java.time.Instant as reading converter.
10:24:02.703 [Test worker] DEBUG o.s.data.convert.CustomConversions - Adding converter from class java.lang.String to class [B as writing converter.
10:24:02.703 [Test worker] DEBUG o.s.data.convert.CustomConversions - Adding converter from class [B to class java.lang.String as reading converter.
10:24:02.703 [Test worker] DEBUG o.s.data.convert.CustomConversions - Adding converter from class java.lang.Number to class [B as writing converter.
10:24:02.703 [Test worker] DEBUG o.s.data.convert.CustomConversions - Adding converter from class [B to class java.lang.Number as reading converter.
10:24:02.703 [Test worker] DEBUG o.s.data.convert.CustomConversions - Adding converter from class java.lang.Enum to class [B as writing converter.
10:24:02.704 [Test worker] DEBUG o.s.data.convert.CustomConversions - Adding converter from class [B to class java.lang.Enum as reading converter.
10:24:02.704 [Test worker] DEBUG o.s.data.convert.CustomConversions - Adding converter from class java.lang.Boolean to class [B as writing converter.
10:24:02.704 [Test worker] DEBUG o.s.data.convert.CustomConversions - Adding converter from class [B to class java.lang.Boolean as reading converter.
10:24:02.704 [Test worker] DEBUG o.s.data.convert.CustomConversions - Adding converter from class java.util.Date to class [B as writing converter.
10:24:02.704 [Test worker] DEBUG o.s.data.convert.CustomConversions - Adding converter from class [B to class java.util.Date as reading converter.
10:24:02.704 [Test worker] DEBUG o.s.data.convert.CustomConversions - Adding converter from class java.util.UUID to class [B as writing converter.
10:24:02.704 [Test worker] DEBUG o.s.data.convert.CustomConversions - Adding converter from class [B to class java.util.UUID as reading converter.
10:24:02.704 [Test worker] DEBUG o.s.data.convert.CustomConversions - Adding converter from class java.time.LocalDateTime to class [B as writing converter.
10:24:02.704 [Test worker] DEBUG o.s.data.convert.CustomConversions - Adding converter from class [B to class java.time.LocalDateTime as reading converter.
10:24:02.704 [Test worker] DEBUG o.s.data.convert.CustomConversions - Adding converter from class java.time.LocalDate to class [B as writing converter.
10:24:02.704 [Test worker] DEBUG o.s.data.convert.CustomConversions - Adding converter from class [B to class java.time.LocalDate as reading converter.
10:24:02.704 [Test worker] DEBUG o.s.data.convert.CustomConversions - Adding converter from class java.time.LocalTime to class [B as writing converter.
10:24:02.704 [Test worker] DEBUG o.s.data.convert.CustomConversions - Adding converter from class [B to class java.time.LocalTime as reading converter.
10:24:02.705 [Test worker] DEBUG o.s.data.convert.CustomConversions - Adding converter from class java.time.ZonedDateTime to class [B as writing converter.
10:24:02.705 [Test worker] DEBUG o.s.data.convert.CustomConversions - Adding converter from class [B to class java.time.ZonedDateTime as reading converter.
10:24:02.705 [Test worker] DEBUG o.s.data.convert.CustomConversions - Adding converter from class java.time.Instant to class [B as writing converter.
10:24:02.706 [Test worker] DEBUG o.s.data.convert.CustomConversions - Adding converter from class [B to class java.time.Instant as reading converter.
10:24:02.706 [Test worker] DEBUG o.s.data.convert.CustomConversions - Adding converter from class java.time.ZoneId to class [B as writing converter.
10:24:02.706 [Test worker] DEBUG o.s.data.convert.CustomConversions - Adding converter from class [B to class java.time.ZoneId as reading converter.
10:24:02.706 [Test worker] DEBUG o.s.data.convert.CustomConversions - Adding converter from class java.time.Period to class [B as writing converter.
10:24:02.706 [Test worker] DEBUG o.s.data.convert.CustomConversions - Adding converter from class [B to class java.time.Period as reading converter.
10:24:02.706 [Test worker] DEBUG o.s.data.convert.CustomConversions - Adding converter from class java.time.Duration to class [B as writing converter.
10:24:02.706 [Test worker] DEBUG o.s.data.convert.CustomConversions - Adding converter from class [B to class java.time.Duration as reading converter.
10:24:02.706 [Test worker] DEBUG o.s.data.convert.CustomConversions - Adding converter from class java.util.Date to class java.time.LocalDateTime as reading converter.
10:24:02.706 [Test worker] DEBUG o.s.data.convert.CustomConversions - Adding converter from class java.time.LocalDateTime to class java.util.Date as writing converter.
10:24:02.706 [Test worker] DEBUG o.s.data.convert.CustomConversions - Adding converter from class java.util.Date to class java.time.LocalDate as reading converter.
10:24:02.706 [Test worker] DEBUG o.s.data.convert.CustomConversions - Adding converter from class java.time.LocalDate to class java.util.Date as writing converter.
10:24:02.706 [Test worker] DEBUG o.s.data.convert.CustomConversions - Adding converter from class java.util.Date to class java.time.LocalTime as reading converter.
10:24:02.706 [Test worker] DEBUG o.s.data.convert.CustomConversions - Adding converter from class java.time.LocalTime to class java.util.Date as writing converter.
10:24:02.706 [Test worker] DEBUG o.s.data.convert.CustomConversions - Adding converter from class java.util.Date to class java.time.Instant as reading converter.
10:24:02.706 [Test worker] DEBUG o.s.data.convert.CustomConversions - Adding converter from class java.time.Instant to class java.util.Date as writing converter.
10:24:02.706 [Test worker] DEBUG o.s.data.convert.CustomConversions - Adding converter from class java.time.LocalDateTime to class java.time.Instant as reading converter.
10:24:02.706 [Test worker] DEBUG o.s.data.convert.CustomConversions - Adding converter from class java.time.Instant to class java.time.LocalDateTime as reading converter.
10:24:02.706 [Test worker] DEBUG o.s.data.convert.CustomConversions - Adding converter from class java.time.ZoneId to class java.lang.String as writing converter.
10:24:02.707 [Test worker] DEBUG o.s.data.convert.CustomConversions - Adding converter from class java.lang.String to class java.time.ZoneId as reading converter.
10:24:02.707 [Test worker] DEBUG o.s.data.convert.CustomConversions - Adding converter from class java.time.Duration to class java.lang.String as writing converter.
10:24:02.707 [Test worker] DEBUG o.s.data.convert.CustomConversions - Adding converter from class java.lang.String to class java.time.Duration as reading converter.
10:24:02.707 [Test worker] DEBUG o.s.data.convert.CustomConversions - Adding converter from class java.time.Period to class java.lang.String as writing converter.
10:24:02.707 [Test worker] DEBUG o.s.data.convert.CustomConversions - Adding converter from class java.lang.String to class java.time.Period as reading converter.
10:24:02.707 [Test worker] DEBUG o.s.data.convert.CustomConversions - Adding converter from class java.lang.String to class java.time.LocalDate as reading converter.
10:24:02.707 [Test worker] DEBUG o.s.data.convert.CustomConversions - Adding converter from class java.lang.String to class java.time.LocalDateTime as reading converter.
10:24:02.707 [Test worker] DEBUG o.s.data.convert.CustomConversions - Adding converter from class java.lang.String to class java.time.Instant as reading converter.
10:24:02.712 [Test worker] DEBUG o.s.b.f.s.DefaultListableBeanFactory - Creating shared instance of singleton bean 'redisReferenceResolver'
10:24:02.714 [Test worker] DEBUG o.s.b.f.s.DefaultListableBeanFactory - Creating shared instance of singleton bean 'redisCustomConversions'
10:24:02.715 [Test worker] DEBUG o.s.data.convert.CustomConversions - Adding converter from class java.lang.String to class [B as writing converter.
10:24:02.715 [Test worker] DEBUG o.s.data.convert.CustomConversions - Adding converter from class [B to class java.lang.String as reading converter.
10:24:02.715 [Test worker] DEBUG o.s.data.convert.CustomConversions - Adding converter from class java.lang.Number to class [B as writing converter.
10:24:02.715 [Test worker] DEBUG o.s.data.convert.CustomConversions - Adding converter from class [B to class java.lang.Number as reading converter.
10:24:02.715 [Test worker] DEBUG o.s.data.convert.CustomConversions - Adding converter from class java.lang.Enum to class [B as writing converter.
10:24:02.715 [Test worker] DEBUG o.s.data.convert.CustomConversions - Adding converter from class [B to class java.lang.Enum as reading converter.
10:24:02.715 [Test worker] DEBUG o.s.data.convert.CustomConversions - Adding converter from class java.lang.Boolean to class [B as writing converter.
10:24:02.715 [Test worker] DEBUG o.s.data.convert.CustomConversions - Adding converter from class [B to class java.lang.Boolean as reading converter.
10:24:02.715 [Test worker] DEBUG o.s.data.convert.CustomConversions - Adding converter from class java.util.Date to class [B as writing converter.
10:24:02.715 [Test worker] DEBUG o.s.data.convert.CustomConversions - Adding converter from class [B to class java.util.Date as reading converter.
10:24:02.715 [Test worker] DEBUG o.s.data.convert.CustomConversions - Adding converter from class java.util.UUID to class [B as writing converter.
10:24:02.715 [Test worker] DEBUG o.s.data.convert.CustomConversions - Adding converter from class [B to class java.util.UUID as reading converter.
10:24:02.715 [Test worker] DEBUG o.s.data.convert.CustomConversions - Adding converter from class java.time.LocalDateTime to class [B as writing converter.
10:24:02.715 [Test worker] DEBUG o.s.data.convert.CustomConversions - Adding converter from class [B to class java.time.LocalDateTime as reading converter.
10:24:02.715 [Test worker] DEBUG o.s.data.convert.CustomConversions - Adding converter from class java.time.LocalDate to class [B as writing converter.
10:24:02.715 [Test worker] DEBUG o.s.data.convert.CustomConversions - Adding converter from class [B to class java.time.LocalDate as reading converter.
10:24:02.716 [Test worker] DEBUG o.s.data.convert.CustomConversions - Adding converter from class java.time.LocalTime to class [B as writing converter.
10:24:02.716 [Test worker] DEBUG o.s.data.convert.CustomConversions - Adding converter from class [B to class java.time.LocalTime as reading converter.
10:24:02.716 [Test worker] DEBUG o.s.data.convert.CustomConversions - Adding converter from class java.time.ZonedDateTime to class [B as writing converter.
10:24:02.716 [Test worker] DEBUG o.s.data.convert.CustomConversions - Adding converter from class [B to class java.time.ZonedDateTime as reading converter.
10:24:02.716 [Test worker] DEBUG o.s.data.convert.CustomConversions - Adding converter from class java.time.Instant to class [B as writing converter.
10:24:02.716 [Test worker] DEBUG o.s.data.convert.CustomConversions - Adding converter from class [B to class java.time.Instant as reading converter.
10:24:02.716 [Test worker] DEBUG o.s.data.convert.CustomConversions - Adding converter from class java.time.ZoneId to class [B as writing converter.
10:24:02.716 [Test worker] DEBUG o.s.data.convert.CustomConversions - Adding converter from class [B to class java.time.ZoneId as reading converter.
10:24:02.716 [Test worker] DEBUG o.s.data.convert.CustomConversions - Adding converter from class java.time.Period to class [B as writing converter.
10:24:02.716 [Test worker] DEBUG o.s.data.convert.CustomConversions - Adding converter from class [B to class java.time.Period as reading converter.
10:24:02.716 [Test worker] DEBUG o.s.data.convert.CustomConversions - Adding converter from class java.time.Duration to class [B as writing converter.
10:24:02.716 [Test worker] DEBUG o.s.data.convert.CustomConversions - Adding converter from class [B to class java.time.Duration as reading converter.
10:24:02.716 [Test worker] DEBUG o.s.data.convert.CustomConversions - Adding converter from class java.util.Date to class java.time.LocalDateTime as reading converter.
10:24:02.716 [Test worker] DEBUG o.s.data.convert.CustomConversions - Adding converter from class java.time.LocalDateTime to class java.util.Date as writing converter.
10:24:02.716 [Test worker] DEBUG o.s.data.convert.CustomConversions - Adding converter from class java.util.Date to class java.time.LocalDate as reading converter.
10:24:02.717 [Test worker] DEBUG o.s.data.convert.CustomConversions - Adding converter from class java.time.LocalDate to class java.util.Date as writing converter.
10:24:02.717 [Test worker] DEBUG o.s.data.convert.CustomConversions - Adding converter from class java.util.Date to class java.time.LocalTime as reading converter.
10:24:02.717 [Test worker] DEBUG o.s.data.convert.CustomConversions - Adding converter from class java.time.LocalTime to class java.util.Date as writing converter.
10:24:02.717 [Test worker] DEBUG o.s.data.convert.CustomConversions - Adding converter from class java.util.Date to class java.time.Instant as reading converter.
10:24:02.717 [Test worker] DEBUG o.s.data.convert.CustomConversions - Adding converter from class java.time.Instant to class java.util.Date as writing converter.
10:24:02.717 [Test worker] DEBUG o.s.data.convert.CustomConversions - Adding converter from class java.time.LocalDateTime to class java.time.Instant as reading converter.
[...]
10:24:03.542 [Test worker] DEBUG o.springframework.test.context.cache - Spring test ApplicationContext cache statistics: [DefaultContextCache@243223ea size = 1, maxSize = 32, parentContextCount = 0, hitCount = 5, missCount = 1]
10:24:03.549 [Test worker] DEBUG o.s.t.c.c.DefaultCacheAwareContextLoaderDelegate - Retrieved ApplicationContext [381385749] from cache with key [[WebMergedContextConfiguration@5ccba80a testClass = SabidriveBookingServiceApplicationTests, locations = '{}', classes = '{class com.ajitata.sabidrivebookingservice.SabidriveBookingServiceApplication}', contextInitializerClasses = '[]', activeProfiles = '{}', propertySourceLocations = '{}', propertySourceProperties = '{org.springframework.boot.test.context.SpringBootTestContextBootstrapper=true}', contextCustomizers = set[org.springframework.boot.test.autoconfigure.actuate.metrics.MetricsExportContextCustomizerFactory$DisableMetricExportContextCustomizer@5e4f28e4, org.springframework.boot.test.autoconfigure.properties.PropertyMappingContextCustomizer@0, org.springframework.boot.test.autoconfigure.web.servlet.WebDriverContextCustomizerFactory$Customizer@216c47ad, org.springframework.boot.test.context.filter.ExcludeFilterContextCustomizer@53d8bd42, org.springframework.boot.test.json.DuplicateJsonObjectContextCustomizerFactory$DuplicateJsonObjectContextCustomizer@70f97017, org.springframework.boot.test.mock.mockito.MockitoContextCustomizer@0, org.springframework.boot.test.web.client.TestRestTemplateContextCustomizer@4d1a4640, org.springframework.boot.test.context.SpringBootTestArgs@1, org.springframework.boot.test.context.SpringBootTestWebEnvironment@427cf1c], resourceBasePath = 'src/main/webapp', contextLoader = 'org.springframework.boot.test.context.SpringBootContextLoader', parent = [null]]]
10:24:03.549 [Test worker] DEBUG o.springframework.test.context.cache - Spring test ApplicationContext cache statistics: [DefaultContextCache@243223ea size = 1, maxSize = 32, parentContextCount = 0, hitCount = 6, missCount = 1]
10:24:03.550 [Test worker] DEBUG o.s.t.c.c.DefaultCacheAwareContextLoaderDelegate - Retrieved ApplicationContext [381385749] from cache with key [[WebMergedContextConfiguration@5ccba80a testClass = SabidriveBookingServiceApplicationTests, locations = '{}', classes = '{class com.ajitata.sabidrivebookingservice.SabidriveBookingServiceApplication}', contextInitializerClasses = '[]', activeProfiles = '{}', propertySourceLocations = '{}', propertySourceProperties = '{org.springframework.boot.test.context.SpringBootTestContextBootstrapper=true}', contextCustomizers = set[org.springframework.boot.test.autoconfigure.actuate.metrics.MetricsExportContextCustomizerFactory$DisableMetricExportContextCustomizer@5e4f28e4, org.springframework.boot.test.autoconfigure.properties.PropertyMappingContextCustomizer@0, org.springframework.boot.test.autoconfigure.web.servlet.WebDriverContextCustomizerFactory$Customizer@216c47ad, org.springframework.boot.test.context.filter.ExcludeFilterContextCustomizer@53d8bd42, org.springframework.boot.test.json.DuplicateJsonObjectContextCustomizerFactory$DuplicateJsonObjectContextCustomizer@70f97017, org.springframework.boot.test.mock.mockito.MockitoContextCustomizer@0, org.springframework.boot.test.web.client.TestRestTemplateContextCustomizer@4d1a4640, org.springframework.boot.test.context.SpringBootTestArgs@1, org.springframework.boot.test.context.SpringBootTestWebEnvironment@427cf1c], resourceBasePath = 'src/main/webapp', contextLoader = 'org.springframework.boot.test.context.SpringBootContextLoader', parent = [null]]]
10:24:03.550 [Test worker] DEBUG o.springframework.test.context.cache - Spring test ApplicationContext cache statistics: [DefaultContextCache@243223ea size = 1, maxSize = 32, parentContextCount = 0, hitCount = 7, missCount = 1]
10:24:03.551 [Test worker] DEBUG o.s.t.c.c.DefaultCacheAwareContextLoaderDelegate - Retrieved ApplicationContext [381385749] from cache with key [[WebMergedContextConfiguration@5ccba80a testClass = SabidriveBookingServiceApplicationTests, locations = '{}', classes = '{class com.ajitata.sabidrivebookingservice.SabidriveBookingServiceApplication}', contextInitializerClasses = '[]', activeProfiles = '{}', propertySourceLocations = '{}', propertySourceProperties = '{org.springframework.boot.test.context.SpringBootTestContextBootstrapper=true}', contextCustomizers = set[org.springframework.boot.test.autoconfigure.actuate.metrics.MetricsExportContextCustomizerFactory$DisableMetricExportContextCustomizer@5e4f28e4, org.springframework.boot.test.autoconfigure.properties.PropertyMappingContextCustomizer@0, org.springframework.boot.test.autoconfigure.web.servlet.WebDriverContextCustomizerFactory$Customizer@216c47ad, org.springframework.boot.test.context.filter.ExcludeFilterContextCustomizer@53d8bd42, org.springframework.boot.test.json.DuplicateJsonObjectContextCustomizerFactory$DuplicateJsonObjectContextCustomizer@70f97017, org.springframework.boot.test.mock.mockito.MockitoContextCustomizer@0, org.springframework.boot.test.web.client.TestRestTemplateContextCustomizer@4d1a4640, org.springframework.boot.test.context.SpringBootTestArgs@1, org.springframework.boot.test.context.SpringBootTestWebEnvironment@427cf1c], resourceBasePath = 'src/main/webapp', contextLoader = 'org.springframework.boot.test.context.SpringBootContextLoader', parent = [null]]]
10:24:03.552 [Test worker] DEBUG o.springframework.test.context.cache - Spring test ApplicationContext cache statistics: [DefaultContextCache@243223ea size = 1, maxSize = 32, parentContextCount = 0, hitCount = 8, missCount = 1]
10:24:03.552 [Test worker] DEBUG o.s.t.c.c.DefaultCacheAwareContextLoaderDelegate - Retrieved ApplicationContext [381385749] from cache with key [[WebMergedContextConfiguration@5ccba80a testClass = SabidriveBookingServiceApplicationTests, locations = '{}', classes = '{class com.ajitata.sabidrivebookingservice.SabidriveBookingServiceApplication}', contextInitializerClasses = '[]', activeProfiles = '{}', propertySourceLocations = '{}', propertySourceProperties = '{org.springframework.boot.test.context.SpringBootTestContextBootstrapper=true}', contextCustomizers = set[org.springframework.boot.test.autoconfigure.actuate.metrics.MetricsExportContextCustomizerFactory$DisableMetricExportContextCustomizer@5e4f28e4, org.springframework.boot.test.autoconfigure.properties.PropertyMappingContextCustomizer@0, org.springframework.boot.test.autoconfigure.web.servlet.WebDriverContextCustomizerFactory$Customizer@216c47ad, org.springframework.boot.test.context.filter.ExcludeFilterContextCustomizer@53d8bd42, org.springframework.boot.test.json.DuplicateJsonObjectContextCustomizerFactory$DuplicateJsonObjectContextCustomizer@70f97017, org.springframework.boot.test.mock.mockito.MockitoContextCustomizer@0, org.springframework.boot.test.web.client.TestRestTemplateContextCustomizer@4d1a4640, org.springframework.boot.test.context.SpringBootTestArgs@1, org.springframework.boot.test.context.SpringBootTestWebEnvironment@427cf1c], resourceBasePath = 'src/main/webapp', contextLoader = 'org.springframework.boot.test.context.SpringBootContextLoader', parent = [null]]]
10:24:03.552 [Test worker] DEBUG o.springframework.test.context.cache - Spring test ApplicationContext cache statistics: [DefaultContextCache@243223ea size = 1, maxSize = 32, parentContextCount = 0, hitCount = 9, missCount = 1]
10:24:03.553 [Test worker] DEBUG o.s.t.c.c.DefaultCacheAwareContextLoaderDelegate - Retrieved ApplicationContext [381385749] from cache with key [[WebMergedContextConfiguration@5ccba80a testClass = SabidriveBookingServiceApplicationTests, locations = '{}', classes = '{class com.ajitata.sabidrivebookingservice.SabidriveBookingServiceApplication}', contextInitializerClasses = '[]', activeProfiles = '{}', propertySourceLocations = '{}', propertySourceProperties = '{org.springframework.boot.test.context.SpringBootTestContextBootstrapper=true}', contextCustomizers = set[org.springframework.boot.test.autoconfigure.actuate.metrics.MetricsExportContextCustomizerFactory$DisableMetricExportContextCustomizer@5e4f28e4, org.springframework.boot.test.autoconfigure.properties.PropertyMappingContextCustomizer@0, org.springframework.boot.test.autoconfigure.web.servlet.WebDriverContextCustomizerFactory$Customizer@216c47ad, org.springframework.boot.test.context.filter.ExcludeFilterContextCustomizer@53d8bd42, org.springframework.boot.test.json.DuplicateJsonObjectContextCustomizerFactory$DuplicateJsonObjectContextCustomizer@70f97017, org.springframework.boot.test.mock.mockito.MockitoContextCustomizer@0, org.springframework.boot.test.web.client.TestRestTemplateContextCustomizer@4d1a4640, org.springframework.boot.test.context.SpringBootTestArgs@1, org.springframework.boot.test.context.SpringBootTestWebEnvironment@427cf1c], resourceBasePath = 'src/main/webapp', contextLoader = 'org.springframework.boot.test.context.SpringBootContextLoader', parent = [null]]]
10:24:03.553 [Test worker] DEBUG o.springframework.test.context.cache - Spring test ApplicationContext cache statistics: [DefaultContextCache@243223ea size = 1, maxSize = 32, parentContextCount = 0, hitCount = 10, missCount = 1]
10:24:03.556 [Test worker] DEBUG o.s.t.c.c.DefaultCacheAwareContextLoaderDelegate - Retrieved ApplicationContext [381385749] from cache with key [[WebMergedContextConfiguration@5ccba80a testClass = SabidriveBookingServiceApplicationTests, locations = '{}', classes = '{class com.ajitata.sabidrivebookingservice.SabidriveBookingServiceApplication}', contextInitializerClasses = '[]', activeProfiles = '{}', propertySourceLocations = '{}', propertySourceProperties = '{org.springframework.boot.test.context.SpringBootTestContextBootstrapper=true}', contextCustomizers = set[org.springframework.boot.test.autoconfigure.actuate.metrics.MetricsExportContextCustomizerFactory$DisableMetricExportContextCustomizer@5e4f28e4, org.springframework.boot.test.autoconfigure.properties.PropertyMappingContextCustomizer@0, org.springframework.boot.test.autoconfigure.web.servlet.WebDriverContextCustomizerFactory$Customizer@216c47ad, org.springframework.boot.test.context.filter.ExcludeFilterContextCustomizer@53d8bd42, org.springframework.boot.test.json.DuplicateJsonObjectContextCustomizerFactory$DuplicateJsonObjectContextCustomizer@70f97017, org.springframework.boot.test.mock.mockito.MockitoContextCustomizer@0, org.springframework.boot.test.web.client.TestRestTemplateContextCustomizer@4d1a4640, org.springframework.boot.test.context.SpringBootTestArgs@1, org.springframework.boot.test.context.SpringBootTestWebEnvironment@427cf1c], resourceBasePath = 'src/main/webapp', contextLoader = 'org.springframework.boot.test.context.SpringBootContextLoader', parent = [null]]]
10:24:03.556 [Test worker] DEBUG o.springframework.test.context.cache - Spring test ApplicationContext cache statistics: [DefaultContextCache@243223ea size = 1, maxSize = 32, parentContextCount = 0, hitCount = 11, missCount = 1]
10:24:03.557 [Test worker] DEBUG o.s.t.c.s.AbstractDirtiesContextTestExecutionListener - After test method: context [DefaultTestContext@658b0d7b testClass = SabidriveBookingServiceApplicationTests, testInstance = com.ajitata.sabidrivebookingservice.SabidriveBookingServiceApplicationTests@279917c0, testMethod = contextLoads@SabidriveBookingServiceApplicationTests, testException = [null], mergedContextConfiguration = [WebMergedContextConfiguration@5ccba80a testClass = SabidriveBookingServiceApplicationTests, locations = '{}', classes = '{class com.ajitata.sabidrivebookingservice.SabidriveBookingServiceApplication}', contextInitializerClasses = '[]', activeProfiles = '{}', propertySourceLocations = '{}', propertySourceProperties = '{org.springframework.boot.test.context.SpringBootTestContextBootstrapper=true}', contextCustomizers = set[org.springframework.boot.test.autoconfigure.actuate.metrics.MetricsExportContextCustomizerFactory$DisableMetricExportContextCustomizer@5e4f28e4, org.springframework.boot.test.autoconfigure.properties.PropertyMappingContextCustomizer@0, org.springframework.boot.test.autoconfigure.web.servlet.WebDriverContextCustomizerFactory$Customizer@216c47ad, org.springframework.boot.test.context.filter.ExcludeFilterContextCustomizer@53d8bd42, org.springframework.boot.test.json.DuplicateJsonObjectContextCustomizerFactory$DuplicateJsonObjectContextCustomizer@70f97017, org.springframework.boot.test.mock.mockito.MockitoContextCustomizer@0, org.springframework.boot.test.web.client.TestRestTemplateContextCustomizer@4d1a4640, org.springframework.boot.test.context.SpringBootTestArgs@1, org.springframework.boot.test.context.SpringBootTestWebEnvironment@427cf1c], resourceBasePath = 'src/main/webapp', contextLoader = 'org.springframework.boot.test.context.SpringBootContextLoader', parent = [null]], attributes = map['org.springframework.test.context.web.ServletTestExecutionListener.activateListener' -> true, 'org.springframework.test.context.web.ServletTestExecutionListener.populatedRequestContextHolder' -> true, 'org.springframework.test.context.web.ServletTestExecutionListener.resetRequestContextHolder' -> true, 'org.springframework.test.context.event.ApplicationEventsTestExecutionListener.recordApplicationEvents' -> false]], class annotated with @DirtiesContext [false] with mode [null], method annotated with @DirtiesContext [false] with mode [null].
10:24:03.557 [Test worker] DEBUG o.s.t.c.w.ServletTestExecutionListener - Resetting RequestContextHolder for test context [DefaultTestContext@658b0d7b testClass = SabidriveBookingServiceApplicationTests, testInstance = com.ajitata.sabidrivebookingservice.SabidriveBookingServiceApplicationTests@279917c0, testMethod = contextLoads@SabidriveBookingServiceApplicationTests, testException = [null], mergedContextConfiguration = [WebMergedContextConfiguration@5ccba80a testClass = SabidriveBookingServiceApplicationTests, locations = '{}', classes = '{class com.ajitata.sabidrivebookingservice.SabidriveBookingServiceApplication}', contextInitializerClasses = '[]', activeProfiles = '{}', propertySourceLocations = '{}', propertySourceProperties = '{org.springframework.boot.test.context.SpringBootTestContextBootstrapper=true}', contextCustomizers = set[org.springframework.boot.test.autoconfigure.actuate.metrics.MetricsExportContextCustomizerFactory$DisableMetricExportContextCustomizer@5e4f28e4, org.springframework.boot.test.autoconfigure.properties.PropertyMappingContextCustomizer@0, org.springframework.boot.test.autoconfigure.web.servlet.WebDriverContextCustomizerFactory$Customizer@216c47ad, org.springframework.boot.test.context.filter.ExcludeFilterContextCustomizer@53d8bd42, org.springframework.boot.test.json.DuplicateJsonObjectContextCustomizerFactory$DuplicateJsonObjectContextCustomizer@70f97017, org.springframework.boot.test.mock.mockito.MockitoContextCustomizer@0, org.springframework.boot.test.web.client.TestRestTemplateContextCustomizer@4d1a4640, org.springframework.boot.test.context.SpringBootTestArgs@1, org.springframework.boot.test.context.SpringBootTestWebEnvironment@427cf1c], resourceBasePath = 'src/main/webapp', contextLoader = 'org.springframework.boot.test.context.SpringBootContextLoader', parent = [null]], attributes = map['org.springframework.test.context.web.ServletTestExecutionListener.activateListener' -> true, 'org.springframework.test.context.web.ServletTestExecutionListener.populatedRequestContextHolder' -> true, 'org.springframework.test.context.web.ServletTestExecutionListener.resetRequestContextHolder' -> true, 'org.springframework.test.context.event.ApplicationEventsTestExecutionListener.recordApplicationEvents' -> false]].
10:24:03.563 [Test worker] DEBUG o.s.t.c.c.DefaultCacheAwareContextLoaderDelegate - Retrieved ApplicationContext [381385749] from cache with key [[WebMergedContextConfiguration@5ccba80a testClass = SabidriveBookingServiceApplicationTests, locations = '{}', classes = '{class com.ajitata.sabidrivebookingservice.SabidriveBookingServiceApplication}', contextInitializerClasses = '[]', activeProfiles = '{}', propertySourceLocations = '{}', propertySourceProperties = '{org.springframework.boot.test.context.SpringBootTestContextBootstrapper=true}', contextCustomizers = set[org.springframework.boot.test.autoconfigure.actuate.metrics.MetricsExportContextCustomizerFactory$DisableMetricExportContextCustomizer@5e4f28e4, org.springframework.boot.test.autoconfigure.properties.PropertyMappingContextCustomizer@0, org.springframework.boot.test.autoconfigure.web.servlet.WebDriverContextCustomizerFactory$Customizer@216c47ad, org.springframework.boot.test.context.filter.ExcludeFilterContextCustomizer@53d8bd42, org.springframework.boot.test.json.DuplicateJsonObjectContextCustomizerFactory$DuplicateJsonObjectContextCustomizer@70f97017, org.springframework.boot.test.mock.mockito.MockitoContextCustomizer@0, org.springframework.boot.test.web.client.TestRestTemplateContextCustomizer@4d1a4640, org.springframework.boot.test.context.SpringBootTestArgs@1, org.springframework.boot.test.context.SpringBootTestWebEnvironment@427cf1c], resourceBasePath = 'src/main/webapp', contextLoader = 'org.springframework.boot.test.context.SpringBootContextLoader', parent = [null]]]
10:24:03.563 [Test worker] DEBUG o.springframework.test.context.cache - Spring test ApplicationContext cache statistics: [DefaultContextCache@243223ea size = 1, maxSize = 32, parentContextCount = 0, hitCount = 12, missCount = 1]
10:24:03.564 [Test worker] DEBUG o.s.t.c.s.AbstractDirtiesContextTestExecutionListener - After test class: context [DefaultTestContext@658b0d7b testClass = SabidriveBookingServiceApplicationTests, testInstance = [null], testMethod = [null], testException = [null], mergedContextConfiguration = [WebMergedContextConfiguration@5ccba80a testClass = SabidriveBookingServiceApplicationTests, locations = '{}', classes = '{class com.ajitata.sabidrivebookingservice.SabidriveBookingServiceApplication}', contextInitializerClasses = '[]', activeProfiles = '{}', propertySourceLocations = '{}', propertySourceProperties = '{org.springframework.boot.test.context.SpringBootTestContextBootstrapper=true}', contextCustomizers = set[org.springframework.boot.test.autoconfigure.actuate.metrics.MetricsExportContextCustomizerFactory$DisableMetricExportContextCustomizer@5e4f28e4, org.springframework.boot.test.autoconfigure.properties.PropertyMappingContextCustomizer@0, org.springframework.boot.test.autoconfigure.web.servlet.WebDriverContextCustomizerFactory$Customizer@216c47ad, org.springframework.boot.test.context.filter.ExcludeFilterContextCustomizer@53d8bd42, org.springframework.boot.test.json.DuplicateJsonObjectContextCustomizerFactory$DuplicateJsonObjectContextCustomizer@70f97017, org.springframework.boot.test.mock.mockito.MockitoContextCustomizer@0, org.springframework.boot.test.web.client.TestRestTemplateContextCustomizer@4d1a4640, org.springframework.boot.test.context.SpringBootTestArgs@1, org.springframework.boot.test.context.SpringBootTestWebEnvironment@427cf1c], resourceBasePath = 'src/main/webapp', contextLoader = 'org.springframework.boot.test.context.SpringBootContextLoader', parent = [null]], attributes = map['org.springframework.test.context.web.ServletTestExecutionListener.activateListener' -> true, 'org.springframework.test.context.event.ApplicationEventsTestExecutionListener.recordApplicationEvents' -> false, 'org.springframework.test.context.support.DependencyInjectionTestExecutionListener.reinjectDependencies' -> true]], class annotated with @DirtiesContext [false] with mode [null].
]]></system-out>
  <system-err><![CDATA[]]></system-err>
</testsuite>
